Active-HDL 13.0.376.8320 2023-02-27 14:29:23

Elaboration top modules:
Architecture                  tb_architecture(gray_bin_selfcheck_tb)


---------------------------------------------------------------------------------------------------------------------
Entity                | Architecture    | Library           | Info | Compiler Version          | Compilation Options
---------------------------------------------------------------------------------------------------------------------
gray_bin_selfcheck_tb | tb_architecture | gray_bin_selected |      | 13.0.376.8320 (Windows64) | -dbg -2008
gray_bin              | table_lookup_dc | gray_bin_selected |      | 13.0.376.8320 (Windows64) | -dbg -2008
---------------------------------------------------------------------------------------------------------------------

---------------------------------------------------------------------------------------------------------------------
VHDL Package                            | Library           | Info | Compiler Version          | Compilation Options
---------------------------------------------------------------------------------------------------------------------
standard                                | std               |      |                           | <unavailable>
TEXTIO                                  | std               |      | 13.0.376.8320 (Windows64) |  -2019
std_logic_1164                          | ieee              |      | 13.0.376.8320 (Windows64) |  -2008
ENV                                     | std               |      | 13.0.376.8320 (Windows64) |  -2019
NUMERIC_STD                             | ieee              |      | 13.0.376.8320 (Windows64) |  -2008
---------------------------------------------------------------------------------------------------------------------

---------------------------------------------------------------------------------------------------------------------
Library                                 | Comment
---------------------------------------------------------------------------------------------------------------------
gray_bin_selected                       | None
ieee                                    | Standard IEEE packages library
std                                     | Standard VHDL library
---------------------------------------------------------------------------------------------------------------------
