ispLEVER Auto-Make Log File
---------------------------

Updating: Generate Timing Simulation Files
Start to record tcl script...
Finished recording TCL script.

Starting: 'C:\ispLEVER_Classic2_1\ispcpld\bin\sdf.exe @"latch_decode.rss"'

ispLEVER Classic 2.1.00.02.49.20 SDFGEN
Copyright(C),1992-2020, Lattice Semiconductor Corporation. All Rights Reserved.
Output Files:
  Netlist File: latch_decode.vho
  Delay   File: latch_decode.sdf

Parsing C:/ispLEVER_Classic2_1/ispcpld/dat/sdf.mdl
Input file: d:/lab8/lever\latch_decode.tte
Reading library information ...
Mapping to combinational gates 
Mapping to netlist view.
Utilization Estimate
    Combinational Macros:         27
    Flip-Flop and Latch Macros:    3
    I/O Pads:                     14
Elapsed time: 1 seconds

Done: completed successfully.
