
17 "number of signals after reading design file"

"sig    sig    sig pair blk fan                       PT xor sync"
"num   name   type  sig num out             pin node cnt  PT type"
"---   ----   ---- ---- --- ---             --- ---- --- --- ----"

  42       y_7_  0        3   0              42   -1   1   0   21
  41       y_6_  0        3   0              41   -1   1   0   21
  40       y_5_  0        3   0              40   -1   1   0   21
  39       y_4_  0        3   0              39   -1   1   0   21
  38       y_3_  0        3   0              38   -1   1   0   21
  37       y_2_  0        3   0              37   -1   1   0   21
  36       y_1_  0        3   0              36   -1   1   0   21
  35       y_0_  0        3   0              35   -1   1   0   21
 143  UUT1_o_2_  3   -1   0   1           3  -1   -1   1   0   20
 142  UUT1_o_1_  3   -1   1   1           3  -1   -1   1   0   20
 141  UUT1_o_0_  3   -1   2   1           3  -1   -1   1   0   20
  15     le_bar  1   -1  -1   3  0  1  2     15   -1
  14         e2  1   -1  -1   1           3  14   -1
  13     e1_bar  1   -1  -1   1           3  13   -1
   3       a_0_  1   -1  -1   1        2      3   -1
   2       a_1_  1   -1  -1   1     1         2   -1
   1       a_2_  1   -1  -1   1  0            1   -1