
Copyright (C) 1994-2022 Synopsys, Inc.
This Synopsys software and all associated documentation are proprietary to Synopsys, Inc.
and may only be used pursuant to the terms and conditions of a written license agreement
with Synopsys, Inc. All other use, reproduction, modification, or distribution of the
Synopsys software or the associated documentation is strictly prohibited.
Tool: Synplify Pro (R)
Build: S-2021.09-SP2
Install: C:\Synopsys\fpga_S-2021.09-SP2
OS: Windows 10 or later
Hostname: DSRPLB01

Implementation : rev_1
Synopsys HDL compiler and linker, Version comp202109syn, Build 243R, Built Jun  1 2022 05:18:42, @

Modified Files: 1
FID:  path (prevtimestamp, timestamp)
11       D:\Lab8\Lab8\design4\src\linedecoder.vhd (2024-03-26 14:08:26, 2024-03-26 14:51:24)

*******************************************************************
Modules that may have changed as a result of file changes: 3
MID:  lib.cell.view
0        work.decode3to8.behavior may have changed because the following files changed:
                        D:\Lab8\Lab8\design4\src\linedecoder.vhd (2024-03-26 14:08:26, 2024-03-26 14:51:24) <-- (may instantiate this module)
2        work.input_latches.behavior may have changed because the following files changed:
                        D:\Lab8\Lab8\design4\src\linedecoder.vhd (2024-03-26 14:08:26, 2024-03-26 14:51:24) <-- (may instantiate this module)
4        work.linedecoder.structure may have changed because the following files changed:
                        D:\Lab8\Lab8\design4\src\linedecoder.vhd (2024-03-26 14:08:26, 2024-03-26 14:51:24) <-- (architecture and entity definition)

*******************************************************************
Unmodified files: 11
FID:  path (timestamp)
0        C:\Synopsys\fpga_S-2021.09-SP2\lib\vhd\arith.vhd (2022-06-01 07:53:32)
1        C:\Synopsys\fpga_S-2021.09-SP2\lib\vhd\hyperents.vhd (2022-06-01 07:53:32)
2        C:\Synopsys\fpga_S-2021.09-SP2\lib\vhd\location.map (2022-06-01 07:53:32)
3        C:\Synopsys\fpga_S-2021.09-SP2\lib\vhd\numeric.vhd (2022-06-01 07:53:32)
4        C:\Synopsys\fpga_S-2021.09-SP2\lib\vhd\snps_haps_pkg.vhd (2022-06-01 07:53:32)
5        C:\Synopsys\fpga_S-2021.09-SP2\lib\vhd\std.vhd (2022-06-01 07:53:32)
6        C:\Synopsys\fpga_S-2021.09-SP2\lib\vhd\std1164.vhd (2022-06-01 07:53:32)
7        C:\Synopsys\fpga_S-2021.09-SP2\lib\vhd\umr_capim.vhd (2022-06-01 07:53:32)
8        C:\Synopsys\fpga_S-2021.09-SP2\lib\vhd\unsigned.vhd (2022-06-01 07:53:32)
9        D:\Lab8\Lab8\design4\src\decode3to8.vhd (2024-03-26 14:49:38)
10       D:\Lab8\Lab8\design4\src\input_latches.vhd (2024-03-26 14:49:26)

*******************************************************************
Unchanged modules: 0
MID:  lib.cell.view
