Active-HDL 13.0.376.8320 2023-04-14 08:36:15

Elaboration top modules:
Architecture                  tb_architecture(simple_dds_tb)


---------------------------------------------------------------------------------------------------------------
Entity               | Architecture    | Library      | Info | Compiler Version          | Compilation Options
---------------------------------------------------------------------------------------------------------------
simple_dds_tb        | tb_architecture | design_tasks |      | 13.0.376.8320 (Windows64) | -dbg -2008
simple_dds           | structural      | design_tasks |      | 13.0.376.8320 (Windows64) | -dbg -2008
quad_address_counter | behavioral      | design_tasks |      | 13.0.376.8320 (Windows64) | -dbg -2008
sine_table           | behavioral      | design_tasks |      | 13.0.376.8320 (Windows64) | -dbg -2008
adder_subtractor     | behavioral      | design_tasks |      | 13.0.376.8320 (Windows64) | -dbg -2008
---------------------------------------------------------------------------------------------------------------

---------------------------------------------------------------------------------------------------------------
VHDL Package                           | Library      | Info | Compiler Version          | Compilation Options
---------------------------------------------------------------------------------------------------------------
standard                               | std          |      |                           | <unavailable>
TEXTIO                                 | std          |      | 13.0.376.8320 (Windows64) |  -2019
std_logic_1164                         | ieee         |      | 13.0.376.8320 (Windows64) |  -2008
NUMERIC_STD                            | ieee         |      | 13.0.376.8320 (Windows64) |  -2008
---------------------------------------------------------------------------------------------------------------

---------------------------------------------------------------------------------------------------------------
Library                                | Comment
---------------------------------------------------------------------------------------------------------------
design_tasks                           | None
ieee                                   | Standard IEEE packages library
std                                    | Standard VHDL library
---------------------------------------------------------------------------------------------------------------
