Active-HDL 13.0.376.8320 2023-03-22 20:49:42

Elaboration top modules:
Architecture                  tb_architecture(abacus_selfcheck_tb)


----------------------------------------------------------------------------------------------------------
Entity              | Architecture    | Library  | Info | Compiler Version          | Compilation Options
----------------------------------------------------------------------------------------------------------
abacus_selfcheck_tb | tb_architecture | ExamSol1 |      | 13.0.376.8320 (Windows64) | -dbg -2008
abacus              | cond            | ExamSol1 |      | 13.0.376.8320 (Windows64) | -dbg -2008
----------------------------------------------------------------------------------------------------------

----------------------------------------------------------------------------------------------------------
VHDL Package                          | Library  | Info | Compiler Version          | Compilation Options
----------------------------------------------------------------------------------------------------------
standard                              | std      |      |                           | <unavailable>
TEXTIO                                | std      |      | 13.0.376.8320 (Windows64) |  -2019
std_logic_1164                        | ieee     |      | 13.0.376.8320 (Windows64) |  -2008
ENV                                   | std      |      | 13.0.376.8320 (Windows64) |  -2019
NUMERIC_STD                           | ieee     |      | 13.0.376.8320 (Windows64) |  -2008
----------------------------------------------------------------------------------------------------------

----------------------------------------------------------------------------------------------------------
Library                               | Comment
----------------------------------------------------------------------------------------------------------
ExamSol1                              | None
ieee                                  | Standard IEEE packages library
std                                   | Standard VHDL library
----------------------------------------------------------------------------------------------------------


Simulation Options: asim -O5 +access +r +m+abacus_selfcheck_tb abacus_selfcheck_tb tb_architecture


The performance of simulation is reduced. Version Student Edition
