Vivado Simulator v2023.1
Copyright 1986-2022 Xilinx, Inc. All Rights Reserved.
Copyright 2022-2023 Advanced Micro Devices, Inc. All Rights Reserved.
Running: C:/Xilinx/Vivado/2023.1/bin/unwrapped/win64.o/xelab.exe --incr --debug typical --relax --mt 2 -L xil_defaultlib -L secureip --snapshot slv_spi_test_system_I_tb_behav xil_defaultlib.slv_spi_test_system_I_tb -log elaborate.log 
Using 2 slave threads.
Starting static elaboration
Completed static elaboration
Starting simulation data flow analysis
Completed simulation data flow analysis
Time Resolution for simulation is 1ps
Compiling package std.standard
Compiling package std.textio
Compiling package ieee.std_logic_1164
Compiling package ieee.numeric_std
Compiling package std.env
Compiling architecture behavioral of entity xil_defaultlib.edge_detector [edge_detector_default]
Compiling architecture behavioral of entity xil_defaultlib.slv_spi_rx_shifter [slv_spi_rx_shifter_default]
Compiling architecture behavioral of entity xil_defaultlib.hex_driver [hex_driver_default]
Compiling architecture behavioral of entity xil_defaultlib.spi_digit_driver [spi_digit_driver_default]
Compiling architecture tb_architecture of entity xil_defaultlib.slv_spi_test_system_i_tb
Built simulation snapshot slv_spi_test_system_I_tb_behav
